This file contains any messages produced by compilers while
running configure, to aid debugging if configure makes a mistake.

It was created by csim configure 0.0, which was
generated by GNU Autoconf 2.69.  Invocation command line was

  $ ./configure CXXFLAGS= -g -O2 -Wunknown-pragmas -fopenmp

## --------- ##
## Platform. ##
## --------- ##

hostname = Steves-Mac-Pro.local
uname -m = x86_64
uname -r = 15.6.0
uname -s = Darwin
uname -v = Darwin Kernel Version 15.6.0: Tue Jan  9 20:12:05 PST 2018; root:xnu-3248.73.5~1/RELEASE_X86_64

/usr/bin/uname -p = i386
/bin/uname -X     = unknown

/bin/arch              = unknown
/usr/bin/arch -k       = unknown
/usr/convex/getsysinfo = unknown
/usr/bin/hostinfo      = Mach kernel version:
	 Darwin Kernel Version 15.6.0: Tue Jan  9 20:12:05 PST 2018; root:xnu-3248.73.5~1/RELEASE_X86_64
Kernel configured for up to 16 processors.
8 processors are physically available.
16 processors are logically available.
Processor type: i486 (Intel 80486)
Processors active: 0 1 2 3 4 5 6 7 8 9 10 11 12 13 14 15
Primary memory available: 32.00 gigabytes
Default processor set: 499 tasks, 2553 threads, 16 processors
Load average: 3.27, Mach factor: 12.72
/bin/machine           = unknown
/usr/bin/oslevel       = unknown
/bin/universe          = unknown

PATH: /Users/steve/anaconda/bin
PATH: /opt/local/bin
PATH: /opt/local/sbin
PATH: /Users/steve/anaconda/bin
PATH: /opt/local/bin
PATH: /opt/local/sbin
PATH: /usr/local/cuda/bin
PATH: /Applications/MATLAB_R2008a/bin
PATH: /Users/steve/bin
PATH: /usr/texbin
PATH: /usr/local/bin/
PATH: /bin
PATH: /sbin
PATH: /usr/bin
PATH: /usr/sbin
PATH: /usr/texbin
PATH: /usr/local/bin


## ----------- ##
## Core tests. ##
## ----------- ##

configure:2301: checking for a BSD-compatible install
configure:2369: result: /opt/local/bin/ginstall -c
configure:2380: checking whether build environment is sane
configure:2435: result: yes
configure:2586: checking for a thread-safe mkdir -p
configure:2625: result: /opt/local/bin/gmkdir -p
configure:2632: checking for gawk
configure:2648: found /opt/local/bin/gawk
configure:2659: result: gawk
configure:2670: checking whether make sets $(MAKE)
configure:2692: result: yes
configure:2721: checking whether make supports nested variables
configure:2738: result: yes
configure:2876: checking for style of include used by make
configure:2904: result: GNU
configure:2975: checking for gcc
configure:2991: found /usr/bin/gcc
configure:3002: result: gcc
configure:3231: checking for C compiler version
configure:3240: gcc --version >&5
Apple LLVM version 8.0.0 (clang-800.0.42.1)
Target: x86_64-apple-darwin15.6.0
Thread model: posix
InstalledDir: /Applications/Xcode.app/Contents/Developer/Toolchains/XcodeDefault.xctoolchain/usr/bin
Configured with: --prefix=/Applications/Xcode.app/Contents/Developer/usr --with-gxx-include-dir=/usr/include/c++/4.2.1
configure:3251: $? = 0
configure:3240: gcc -v >&5
Configured with: --prefix=/Applications/Xcode.app/Contents/Developer/usr --with-gxx-include-dir=/usr/include/c++/4.2.1
Apple LLVM version 8.0.0 (clang-800.0.42.1)
Target: x86_64-apple-darwin15.6.0
Thread model: posix
InstalledDir: /Applications/Xcode.app/Contents/Developer/Toolchains/XcodeDefault.xctoolchain/usr/bin
configure:3251: $? = 0
configure:3240: gcc -V >&5
clang: error: argument to '-V' is missing (expected 1 value)
clang: error: no input files
configure:3251: $? = 1
configure:3240: gcc -qversion >&5
clang: error: unknown argument: '-qversion'
clang: error: no input files
configure:3251: $? = 1
configure:3271: checking whether the C compiler works
configure:3293: gcc    conftest.c  >&5
configure:3297: $? = 0
configure:3345: result: yes
configure:3348: checking for C compiler default output file name
configure:3350: result: a.out
configure:3356: checking for suffix of executables
configure:3363: gcc -o conftest    conftest.c  >&5
configure:3367: $? = 0
configure:3389: result: 
configure:3411: checking whether we are cross compiling
configure:3419: gcc -o conftest    conftest.c  >&5
configure:3423: $? = 0
configure:3430: ./conftest
configure:3434: $? = 0
configure:3449: result: no
configure:3454: checking for suffix of object files
configure:3476: gcc -c   conftest.c >&5
configure:3480: $? = 0
configure:3501: result: o
configure:3505: checking whether we are using the GNU C compiler
configure:3524: gcc -c   conftest.c >&5
configure:3524: $? = 0
configure:3533: result: yes
configure:3542: checking whether gcc accepts -g
configure:3562: gcc -c -g  conftest.c >&5
configure:3562: $? = 0
configure:3603: result: yes
configure:3620: checking for gcc option to accept ISO C89
configure:3683: gcc  -c -g -O2  conftest.c >&5
configure:3683: $? = 0
configure:3696: result: none needed
configure:3721: checking whether gcc understands -c and -o together
configure:3743: gcc -c conftest.c -o conftest2.o
configure:3746: $? = 0
configure:3743: gcc -c conftest.c -o conftest2.o
configure:3746: $? = 0
configure:3758: result: yes
configure:3777: checking dependency style of gcc
configure:3888: result: gcc3
configure:3953: checking for ar
configure:3969: found /opt/local/bin/ar
configure:3980: result: ar
configure:4006: checking the archiver (ar) interface
configure:4022: gcc -c -g -O2  conftest.c >&5
configure:4022: $? = 0
configure:4024: ar cru libconftest.a conftest.o >&5
configure:4027: $? = 0
configure:4055: result: ar
configure:4104: checking build system type
configure:4118: result: x86_64-apple-darwin15.6.0
configure:4138: checking host system type
configure:4151: result: x86_64-apple-darwin15.6.0
configure:4192: checking how to print strings
configure:4219: result: printf
configure:4240: checking for a sed that does not truncate output
configure:4304: result: /opt/local/bin/gsed
configure:4322: checking for grep that handles long lines and -e
configure:4380: result: /opt/local/bin/grep
configure:4385: checking for egrep
configure:4447: result: /opt/local/bin/grep -E
configure:4452: checking for fgrep
configure:4514: result: /opt/local/bin/grep -F
configure:4549: checking for ld used by gcc
configure:4616: result: /Applications/Xcode.app/Contents/Developer/Toolchains/XcodeDefault.xctoolchain/usr/bin/ld
configure:4623: checking if the linker (/Applications/Xcode.app/Contents/Developer/Toolchains/XcodeDefault.xctoolchain/usr/bin/ld) is GNU ld
configure:4638: result: no
configure:4650: checking for BSD- or MS-compatible name lister (nm)
configure:4704: result: /opt/local/bin/nm -B
configure:4834: checking the name lister (/opt/local/bin/nm -B) interface
configure:4841: gcc -c -g -O2  conftest.c >&5
configure:4844: /opt/local/bin/nm -B "conftest.o"
configure:4847: output
0000000000000214 S _some_variable
configure:4854: result: BSD nm
configure:4857: checking whether ln -s works
configure:4861: result: yes
configure:4869: checking the maximum length of command line arguments
configure:5000: result: 196608
configure:5048: checking how to convert x86_64-apple-darwin15.6.0 file names to x86_64-apple-darwin15.6.0 format
configure:5088: result: func_convert_file_noop
configure:5095: checking how to convert x86_64-apple-darwin15.6.0 file names to toolchain format
configure:5115: result: func_convert_file_noop
configure:5122: checking for /Applications/Xcode.app/Contents/Developer/Toolchains/XcodeDefault.xctoolchain/usr/bin/ld option to reload object files
configure:5129: result: -r
configure:5203: checking for objdump
configure:5233: result: no
configure:5262: checking how to recognize dependent libraries
configure:5462: result: pass_all
configure:5547: checking for dlltool
configure:5577: result: no
configure:5607: checking how to associate runtime and link libraries
configure:5634: result: printf %s\n
configure:5758: checking for archiver @FILE support
configure:5775: gcc -c -g -O2  conftest.c >&5
configure:5775: $? = 0
configure:5778: ar cru libconftest.a @conftest.lst >&5
ar: @conftest.lst: No such file or directory
configure:5781: $? = 1
configure:5801: result: no
configure:5859: checking for strip
configure:5875: found /opt/local/bin/strip
configure:5886: result: strip
configure:5958: checking for ranlib
configure:5974: found /opt/local/bin/ranlib
configure:5985: result: ranlib
configure:6087: checking command to parse /opt/local/bin/nm -B output from gcc object
configure:6240: gcc -c -g -O2  conftest.c >&5
configure:6243: $? = 0
configure:6247: /opt/local/bin/nm -B conftest.o \| sed -n -e 's/^.*[ ]\([BCDEGRST][BCDEGRST]*\)[ ][ ]*\([_A-Za-z][_A-Za-z0-9]*\)$/\1 \2 \2/p' | sed '/ __gnu_lto/d' \> conftest.nm
configure:6250: $? = 0
cannot find nm_test_var in conftest.nm
configure:6240: gcc -c -g -O2  conftest.c >&5
configure:6243: $? = 0
configure:6247: /opt/local/bin/nm -B conftest.o \| sed -n -e 's/^.*[ ]\([BCDEGRST][BCDEGRST]*\)[ ][ ]*_\([_A-Za-z][_A-Za-z0-9]*\)$/\1 _\2 \2/p' | sed '/ __gnu_lto/d' \> conftest.nm
configure:6250: $? = 0
configure:6316: gcc -o conftest -g -O2   conftest.c conftstm.o >&5
warning: (x86_64)  could not find object file symbol for symbol _main
configure:6319: $? = 0
configure:6357: result: ok
configure:6404: checking for sysroot
configure:6434: result: no
configure:6441: checking for a working dd
configure:6479: result: /bin/dd
configure:6483: checking how to truncate binary pipes
configure:6498: result: /bin/dd bs=4096 count=1
configure:6827: checking for mt
configure:6857: result: no
configure:6877: checking if : is a manifest tool
configure:6883: : '-?'
configure:6891: result: no
configure:6947: checking for dsymutil
configure:6963: found /usr/bin/dsymutil
configure:6974: result: dsymutil
configure:7039: checking for nmedit
configure:7055: found /opt/local/bin/nmedit
configure:7066: result: nmedit
configure:7131: checking for lipo
configure:7147: found /opt/local/bin/lipo
configure:7158: result: lipo
configure:7223: checking for otool
configure:7239: found /opt/local/bin/otool
configure:7250: result: otool
configure:7315: checking for otool64
configure:7345: result: no
configure:7390: checking for -single_module linker flag
gcc -g -O2  -o libconftest.dylib -dynamiclib -Wl,-single_module conftest.c
configure:7423: result: yes
configure:7426: checking for -exported_symbols_list linker flag
configure:7446: gcc -o conftest -g -O2   -Wl,-exported_symbols_list,conftest.sym conftest.c  >&5
configure:7446: $? = 0
configure:7456: result: yes
configure:7459: checking for -force_load linker flag
gcc -g -O2 -c -o conftest.o conftest.c
ar cru libconftest.a conftest.o
ranlib libconftest.a
gcc -g -O2  -o conftest conftest.c -Wl,-force_load,./libconftest.a
configure:7491: result: yes
configure:7568: checking how to run the C preprocessor
configure:7599: gcc -E  conftest.c
configure:7599: $? = 0
configure:7613: gcc -E  conftest.c
conftest.c:11:10: fatal error: 'ac_nonexistent.h' file not found
#include <ac_nonexistent.h>
         ^
1 error generated.
configure:7613: $? = 1
configure: failed program was:
| /* confdefs.h */
| #define PACKAGE_NAME "csim"
| #define PACKAGE_TARNAME "csim"
| #define PACKAGE_VERSION "0.0"
| #define PACKAGE_STRING "csim 0.0"
| #define PACKAGE_BUGREPORT "steve.bryson@nasa.gov"
| #define PACKAGE_URL ""
| #define PACKAGE "csim"
| #define VERSION "0.0"
| /* end confdefs.h.  */
| #include <ac_nonexistent.h>
configure:7638: result: gcc -E
configure:7658: gcc -E  conftest.c
configure:7658: $? = 0
configure:7672: gcc -E  conftest.c
conftest.c:11:10: fatal error: 'ac_nonexistent.h' file not found
#include <ac_nonexistent.h>
         ^
1 error generated.
configure:7672: $? = 1
configure: failed program was:
| /* confdefs.h */
| #define PACKAGE_NAME "csim"
| #define PACKAGE_TARNAME "csim"
| #define PACKAGE_VERSION "0.0"
| #define PACKAGE_STRING "csim 0.0"
| #define PACKAGE_BUGREPORT "steve.bryson@nasa.gov"
| #define PACKAGE_URL ""
| #define PACKAGE "csim"
| #define VERSION "0.0"
| /* end confdefs.h.  */
| #include <ac_nonexistent.h>
configure:7701: checking for ANSI C header files
configure:7721: gcc -c -g -O2  conftest.c >&5
configure:7721: $? = 0
configure:7794: gcc -o conftest -g -O2   conftest.c  >&5
configure:7794: $? = 0
configure:7794: ./conftest
configure:7794: $? = 0
configure:7805: result: yes
configure:7818: checking for sys/types.h
configure:7818: gcc -c -g -O2  conftest.c >&5
configure:7818: $? = 0
configure:7818: result: yes
configure:7818: checking for sys/stat.h
configure:7818: gcc -c -g -O2  conftest.c >&5
configure:7818: $? = 0
configure:7818: result: yes
configure:7818: checking for stdlib.h
configure:7818: gcc -c -g -O2  conftest.c >&5
configure:7818: $? = 0
configure:7818: result: yes
configure:7818: checking for string.h
configure:7818: gcc -c -g -O2  conftest.c >&5
configure:7818: $? = 0
configure:7818: result: yes
configure:7818: checking for memory.h
configure:7818: gcc -c -g -O2  conftest.c >&5
configure:7818: $? = 0
configure:7818: result: yes
configure:7818: checking for strings.h
configure:7818: gcc -c -g -O2  conftest.c >&5
configure:7818: $? = 0
configure:7818: result: yes
configure:7818: checking for inttypes.h
configure:7818: gcc -c -g -O2  conftest.c >&5
configure:7818: $? = 0
configure:7818: result: yes
configure:7818: checking for stdint.h
configure:7818: gcc -c -g -O2  conftest.c >&5
configure:7818: $? = 0
configure:7818: result: yes
configure:7818: checking for unistd.h
configure:7818: gcc -c -g -O2  conftest.c >&5
configure:7818: $? = 0
configure:7818: result: yes
configure:7832: checking for dlfcn.h
configure:7832: gcc -c -g -O2  conftest.c >&5
configure:7832: $? = 0
configure:7832: result: yes
configure:8088: checking for objdir
configure:8103: result: .libs
configure:8367: checking if gcc supports -fno-rtti -fno-exceptions
configure:8385: gcc -c -g -O2  -fno-rtti -fno-exceptions conftest.c >&5
configure:8389: $? = 0
configure:8402: result: yes
configure:8760: checking for gcc option to produce PIC
configure:8767: result: -fno-common -DPIC
configure:8775: checking if gcc PIC flag -fno-common -DPIC works
configure:8793: gcc -c -g -O2  -fno-common -DPIC -DPIC conftest.c >&5
configure:8797: $? = 0
configure:8810: result: yes
configure:8839: checking if gcc static flag -static works
configure:8867: result: no
configure:8882: checking if gcc supports -c -o file.o
configure:8903: gcc -c -g -O2  -o out/conftest2.o conftest.c >&5
configure:8907: $? = 0
configure:8929: result: yes
configure:8937: checking if gcc supports -c -o file.o
configure:8984: result: yes
configure:9017: checking whether the gcc linker (/Applications/Xcode.app/Contents/Developer/Toolchains/XcodeDefault.xctoolchain/usr/bin/ld) supports shared libraries
configure:10276: result: yes
configure:10516: checking dynamic linker characteristics
configure:11334: result: darwin15.6.0 dyld
configure:11456: checking how to hardcode library paths into programs
configure:11481: result: immediate
configure:12029: checking whether stripping libraries is possible
configure:12043: result: yes
configure:12069: checking if libtool supports shared libraries
configure:12071: result: yes
configure:12074: checking whether to build shared libraries
configure:12099: result: yes
configure:12102: checking whether to build static libraries
configure:12106: result: yes
configure:12202: checking for g++-mp-6
configure:12218: found /opt/local/bin/g++-mp-6
configure:12229: result: g++-mp-6
configure:12256: checking for C++ compiler version
configure:12265: g++-mp-6 --version >&5
g++-mp-6 (MacPorts gcc6 6.4.0_0) 6.4.0
Copyright (C) 2017 Free Software Foundation, Inc.
This is free software; see the source for copying conditions.  There is NO
warranty; not even for MERCHANTABILITY or FITNESS FOR A PARTICULAR PURPOSE.

configure:12276: $? = 0
configure:12265: g++-mp-6 -v >&5
Using built-in specs.
COLLECT_GCC=g++-mp-6
COLLECT_LTO_WRAPPER=/opt/local/libexec/gcc/x86_64-apple-darwin15/6.4.0/lto-wrapper
Target: x86_64-apple-darwin15
Configured with: /opt/local/var/macports/build/_opt_bblocal_var_buildworker_ports_build_ports_lang_gcc6/gcc6/work/gcc-6.4.0/configure --prefix=/opt/local --build=x86_64-apple-darwin15 --enable-languages=c,c++,objc,obj-c++,lto,fortran --libdir=/opt/local/lib/gcc6 --includedir=/opt/local/include/gcc6 --infodir=/opt/local/share/info --mandir=/opt/local/share/man --datarootdir=/opt/local/share/gcc-6 --with-local-prefix=/opt/local --with-system-zlib --disable-nls --program-suffix=-mp-6 --with-gxx-include-dir=/opt/local/include/gcc6/c++/ --with-gmp=/opt/local --with-mpfr=/opt/local --with-mpc=/opt/local --with-isl=/opt/local --enable-stage1-checking --disable-multilib --enable-lto --enable-libstdcxx-time --with-build-config=bootstrap-debug --with-as=/opt/local/bin/as --with-ld=/opt/local/bin/ld --with-ar=/opt/local/bin/ar --with-bugurl=https://trac.macports.org/newticket --disable-tls --with-pkgversion='MacPorts gcc6 6.4.0_0'
Thread model: posix
gcc version 6.4.0 (MacPorts gcc6 6.4.0_0) 
configure:12276: $? = 0
configure:12265: g++-mp-6 -V >&5
g++-mp-6: error: unrecognized command line option '-V'
g++-mp-6: fatal error: no input files
compilation terminated.
configure:12276: $? = 1
configure:12265: g++-mp-6 -qversion >&5
g++-mp-6: error: unrecognized command line option '-qversion'; did you mean '--version'?
g++-mp-6: fatal error: no input files
compilation terminated.
configure:12276: $? = 1
configure:12280: checking whether we are using the GNU C++ compiler
configure:12299: g++-mp-6 -c  -g -O2 -Wunknown-pragmas -fopenmp  conftest.cpp >&5
configure:12299: $? = 0
configure:12308: result: yes
configure:12317: checking whether g++-mp-6 accepts -g
configure:12337: g++-mp-6 -c -g  conftest.cpp >&5
configure:12337: $? = 0
configure:12378: result: yes
configure:12403: checking dependency style of g++-mp-6
configure:12514: result: gcc3
configure:12547: checking how to run the C++ preprocessor
configure:12574: g++-mp-6 -E  conftest.cpp
configure:12574: $? = 0
configure:12588: g++-mp-6 -E  conftest.cpp
conftest.cpp:23:28: fatal error: ac_nonexistent.h: No such file or directory
 #include <ac_nonexistent.h>
                            ^
compilation terminated.
configure:12588: $? = 1
configure: failed program was:
| /* confdefs.h */
| #define PACKAGE_NAME "csim"
| #define PACKAGE_TARNAME "csim"
| #define PACKAGE_VERSION "0.0"
| #define PACKAGE_STRING "csim 0.0"
| #define PACKAGE_BUGREPORT "steve.bryson@nasa.gov"
| #define PACKAGE_URL ""
| #define PACKAGE "csim"
| #define VERSION "0.0"
| #define STDC_HEADERS 1
| #define HAVE_SYS_TYPES_H 1
| #define HAVE_SYS_STAT_H 1
| #define HAVE_STDLIB_H 1
| #define HAVE_STRING_H 1
| #define HAVE_MEMORY_H 1
| #define HAVE_STRINGS_H 1
| #define HAVE_INTTYPES_H 1
| #define HAVE_STDINT_H 1
| #define HAVE_UNISTD_H 1
| #define HAVE_DLFCN_H 1
| #define LT_OBJDIR ".libs/"
| /* end confdefs.h.  */
| #include <ac_nonexistent.h>
configure:12613: result: g++-mp-6 -E
configure:12633: g++-mp-6 -E  conftest.cpp
configure:12633: $? = 0
configure:12647: g++-mp-6 -E  conftest.cpp
conftest.cpp:23:28: fatal error: ac_nonexistent.h: No such file or directory
 #include <ac_nonexistent.h>
                            ^
compilation terminated.
configure:12647: $? = 1
configure: failed program was:
| /* confdefs.h */
| #define PACKAGE_NAME "csim"
| #define PACKAGE_TARNAME "csim"
| #define PACKAGE_VERSION "0.0"
| #define PACKAGE_STRING "csim 0.0"
| #define PACKAGE_BUGREPORT "steve.bryson@nasa.gov"
| #define PACKAGE_URL ""
| #define PACKAGE "csim"
| #define VERSION "0.0"
| #define STDC_HEADERS 1
| #define HAVE_SYS_TYPES_H 1
| #define HAVE_SYS_STAT_H 1
| #define HAVE_STDLIB_H 1
| #define HAVE_STRING_H 1
| #define HAVE_MEMORY_H 1
| #define HAVE_STRINGS_H 1
| #define HAVE_INTTYPES_H 1
| #define HAVE_STDINT_H 1
| #define HAVE_UNISTD_H 1
| #define HAVE_DLFCN_H 1
| #define LT_OBJDIR ".libs/"
| /* end confdefs.h.  */
| #include <ac_nonexistent.h>
configure:12809: checking for ld used by g++-mp-6
configure:12876: result: /Applications/Xcode.app/Contents/Developer/Toolchains/XcodeDefault.xctoolchain/usr/bin/ld
configure:12883: checking if the linker (/Applications/Xcode.app/Contents/Developer/Toolchains/XcodeDefault.xctoolchain/usr/bin/ld) is GNU ld
configure:12898: result: no
configure:12953: checking whether the g++-mp-6 linker (/Applications/Xcode.app/Contents/Developer/Toolchains/XcodeDefault.xctoolchain/usr/bin/ld) supports shared libraries
configure:14026: result: yes
configure:14062: g++-mp-6 -c  -g -O2 -Wunknown-pragmas -fopenmp  conftest.cpp >&5
configure:14065: $? = 0
configure:14546: checking for g++-mp-6 option to produce PIC
configure:14553: result: -fno-common -DPIC
configure:14561: checking if g++-mp-6 PIC flag -fno-common -DPIC works
configure:14579: g++-mp-6 -c  -g -O2 -Wunknown-pragmas -fopenmp  -fno-common -DPIC -DPIC conftest.cpp >&5
configure:14583: $? = 0
configure:14596: result: yes
configure:14619: checking if g++-mp-6 static flag -static works
configure:14647: result: no
configure:14659: checking if g++-mp-6 supports -c -o file.o
configure:14680: g++-mp-6 -c  -g -O2 -Wunknown-pragmas -fopenmp  -o out/conftest2.o conftest.cpp >&5
configure:14684: $? = 0
configure:14706: result: yes
configure:14711: checking if g++-mp-6 supports -c -o file.o
configure:14758: result: yes
configure:14788: checking whether the g++-mp-6 linker (/Applications/Xcode.app/Contents/Developer/Toolchains/XcodeDefault.xctoolchain/usr/bin/ld) supports shared libraries
configure:14828: result: yes
configure:14969: checking dynamic linker characteristics
configure:15714: result: darwin15.6.0 dyld
configure:15779: checking how to hardcode library paths into programs
configure:15804: result: immediate
configure:15957: checking that generated files are newer than configure
configure:15963: result: done
configure:15990: creating ./config.status

## ---------------------- ##
## Running config.status. ##
## ---------------------- ##

This file was extended by csim config.status 0.0, which was
generated by GNU Autoconf 2.69.  Invocation command line was

  CONFIG_FILES    = 
  CONFIG_HEADERS  = 
  CONFIG_LINKS    = 
  CONFIG_COMMANDS = 
  $ ./config.status 

on Steves-Mac-Pro.local

config.status:1150: creating Makefile
config.status:1150: creating src/Makefile
config.status:1150: creating src/lib/Makefile
config.status:1150: creating src/coronagraph/Makefile
config.status:1150: creating src/efield/Makefile
config.status:1150: creating src/elements/Makefile
config.status:1150: creating src/telescope/Makefile
config.status:1150: creating src/tools/Makefile
config.status:1150: creating config.h
config.status:1331: config.h is unchanged
config.status:1379: executing depfiles commands
config.status:1379: executing libtool commands

## ---------------- ##
## Cache variables. ##
## ---------------- ##

ac_cv_build=x86_64-apple-darwin15.6.0
ac_cv_c_compiler_gnu=yes
ac_cv_cxx_compiler_gnu=yes
ac_cv_env_CCC_set=
ac_cv_env_CCC_value=
ac_cv_env_CC_set=
ac_cv_env_CC_value=
ac_cv_env_CFLAGS_set=
ac_cv_env_CFLAGS_value=
ac_cv_env_CPPFLAGS_set=
ac_cv_env_CPPFLAGS_value=
ac_cv_env_CPP_set=
ac_cv_env_CPP_value=
ac_cv_env_CXXCPP_set=
ac_cv_env_CXXCPP_value=
ac_cv_env_CXXFLAGS_set=set
ac_cv_env_CXXFLAGS_value=' -g -O2 -Wunknown-pragmas -fopenmp'
ac_cv_env_CXX_set=
ac_cv_env_CXX_value=
ac_cv_env_LDFLAGS_set=
ac_cv_env_LDFLAGS_value=
ac_cv_env_LIBS_set=
ac_cv_env_LIBS_value=
ac_cv_env_LT_SYS_LIBRARY_PATH_set=
ac_cv_env_LT_SYS_LIBRARY_PATH_value=
ac_cv_env_build_alias_set=
ac_cv_env_build_alias_value=
ac_cv_env_host_alias_set=
ac_cv_env_host_alias_value=
ac_cv_env_target_alias_set=
ac_cv_env_target_alias_value=
ac_cv_header_dlfcn_h=yes
ac_cv_header_inttypes_h=yes
ac_cv_header_memory_h=yes
ac_cv_header_stdc=yes
ac_cv_header_stdint_h=yes
ac_cv_header_stdlib_h=yes
ac_cv_header_string_h=yes
ac_cv_header_strings_h=yes
ac_cv_header_sys_stat_h=yes
ac_cv_header_sys_types_h=yes
ac_cv_header_unistd_h=yes
ac_cv_host=x86_64-apple-darwin15.6.0
ac_cv_objext=o
ac_cv_path_EGREP='/opt/local/bin/grep -E'
ac_cv_path_FGREP='/opt/local/bin/grep -F'
ac_cv_path_GREP=/opt/local/bin/grep
ac_cv_path_SED=/opt/local/bin/gsed
ac_cv_path_install='/opt/local/bin/ginstall -c'
ac_cv_path_lt_DD=/bin/dd
ac_cv_path_mkdir=/opt/local/bin/gmkdir
ac_cv_prog_AWK=gawk
ac_cv_prog_CPP='gcc -E'
ac_cv_prog_CXXCPP='g++-mp-6 -E'
ac_cv_prog_ac_ct_AR=ar
ac_cv_prog_ac_ct_CC=gcc
ac_cv_prog_ac_ct_CXX=g++-mp-6
ac_cv_prog_ac_ct_DSYMUTIL=dsymutil
ac_cv_prog_ac_ct_LIPO=lipo
ac_cv_prog_ac_ct_NMEDIT=nmedit
ac_cv_prog_ac_ct_OTOOL=otool
ac_cv_prog_ac_ct_RANLIB=ranlib
ac_cv_prog_ac_ct_STRIP=strip
ac_cv_prog_cc_c89=
ac_cv_prog_cc_g=yes
ac_cv_prog_cxx_g=yes
ac_cv_prog_make_make_set=yes
am_cv_CC_dependencies_compiler_type=gcc3
am_cv_CXX_dependencies_compiler_type=gcc3
am_cv_ar_interface=ar
am_cv_make_support_nested_variables=yes
am_cv_prog_cc_c_o=yes
lt_cv_apple_cc_single_mod=yes
lt_cv_ar_at_file=no
lt_cv_deplibs_check_method=pass_all
lt_cv_file_magic_cmd='$MAGIC_CMD'
lt_cv_file_magic_test_file=
lt_cv_ld_exported_symbols_list=yes
lt_cv_ld_force_load=yes
lt_cv_ld_reload_flag=-r
lt_cv_nm_interface='BSD nm'
lt_cv_objdir=.libs
lt_cv_path_LD=/Applications/Xcode.app/Contents/Developer/Toolchains/XcodeDefault.xctoolchain/usr/bin/ld
lt_cv_path_LDCXX=/Applications/Xcode.app/Contents/Developer/Toolchains/XcodeDefault.xctoolchain/usr/bin/ld
lt_cv_path_NM='/opt/local/bin/nm -B'
lt_cv_path_mainfest_tool=no
lt_cv_prog_compiler_c_o=yes
lt_cv_prog_compiler_c_o_CXX=yes
lt_cv_prog_compiler_pic='-fno-common -DPIC'
lt_cv_prog_compiler_pic_CXX='-fno-common -DPIC'
lt_cv_prog_compiler_pic_works=yes
lt_cv_prog_compiler_pic_works_CXX=yes
lt_cv_prog_compiler_rtti_exceptions=yes
lt_cv_prog_compiler_static_works=no
lt_cv_prog_compiler_static_works_CXX=no
lt_cv_prog_gnu_ld=no
lt_cv_prog_gnu_ldcxx=no
lt_cv_sharedlib_from_linklib_cmd='printf %s\n'
lt_cv_sys_global_symbol_pipe='sed -n -e '\''s/^.*[	 ]\([BCDEGRST][BCDEGRST]*\)[	 ][	 ]*_\([_A-Za-z][_A-Za-z0-9]*\)$/\1 _\2 \2/p'\'' | sed '\''/ __gnu_lto/d'\'''
lt_cv_sys_global_symbol_to_c_name_address='sed -n -e '\''s/^: \(.*\) .*$/  {"\1", (void *) 0},/p'\'' -e '\''s/^[BCDEGRST][BCDEGRST]* .* \(.*\)$/  {"\1", (void *) \&\1},/p'\'''
lt_cv_sys_global_symbol_to_c_name_address_lib_prefix='sed -n -e '\''s/^: \(.*\) .*$/  {"\1", (void *) 0},/p'\'' -e '\''s/^[BCDEGRST][BCDEGRST]* .* \(lib.*\)$/  {"\1", (void *) \&\1},/p'\'' -e '\''s/^[BCDEGRST][BCDEGRST]* .* \(.*\)$/  {"lib\1", (void *) \&\1},/p'\'''
lt_cv_sys_global_symbol_to_cdecl='sed -n -e '\''s/^T .* \(.*\)$/extern int \1();/p'\'' -e '\''s/^[BCDEGRST][BCDEGRST]* .* \(.*\)$/extern char \1;/p'\'''
lt_cv_sys_global_symbol_to_import=
lt_cv_sys_max_cmd_len=196608
lt_cv_to_host_file_cmd=func_convert_file_noop
lt_cv_to_tool_file_cmd=func_convert_file_noop
lt_cv_truncate_bin='/bin/dd bs=4096 count=1'

## ----------------- ##
## Output variables. ##
## ----------------- ##

ACLOCAL='${SHELL} /Users/steve/work/coronagraph/designCodeRearchitecture/csim/csim/missing aclocal-1.15'
AMDEPBACKSLASH='\'
AMDEP_FALSE='#'
AMDEP_TRUE=''
AMTAR='$${TAR-tar}'
AM_BACKSLASH='\'
AM_DEFAULT_V='$(AM_DEFAULT_VERBOSITY)'
AM_DEFAULT_VERBOSITY='1'
AM_V='$(V)'
AR='ar'
AUTOCONF='${SHELL} /Users/steve/work/coronagraph/designCodeRearchitecture/csim/csim/missing autoconf'
AUTOHEADER='${SHELL} /Users/steve/work/coronagraph/designCodeRearchitecture/csim/csim/missing autoheader'
AUTOMAKE='${SHELL} /Users/steve/work/coronagraph/designCodeRearchitecture/csim/csim/missing automake-1.15'
AWK='gawk'
CC='gcc'
CCDEPMODE='depmode=gcc3'
CFLAGS='-g -O2'
CPP='gcc -E'
CPPFLAGS=''
CXX='g++-mp-6'
CXXCPP='g++-mp-6 -E'
CXXDEPMODE='depmode=gcc3'
CXXFLAGS=' -g -O2 -Wunknown-pragmas -fopenmp'
CYGPATH_W='echo'
DEFS='-DHAVE_CONFIG_H'
DEPDIR='.deps'
DLLTOOL='false'
DSYMUTIL='dsymutil'
DUMPBIN=''
ECHO_C='\c'
ECHO_N=''
ECHO_T=''
EGREP='/opt/local/bin/grep -E'
EXEEXT=''
FGREP='/opt/local/bin/grep -F'
GREP='/opt/local/bin/grep'
INSTALL_DATA='${INSTALL} -m 644'
INSTALL_PROGRAM='${INSTALL}'
INSTALL_SCRIPT='${INSTALL}'
INSTALL_STRIP_PROGRAM='$(install_sh) -c -s'
LD='/Applications/Xcode.app/Contents/Developer/Toolchains/XcodeDefault.xctoolchain/usr/bin/ld'
LDFLAGS=''
LIBOBJS=''
LIBS=''
LIBTOOL='$(SHELL) $(top_builddir)/libtool'
LIPO='lipo'
LN_S='ln -s'
LTLIBOBJS=''
LT_SYS_LIBRARY_PATH=''
MAKEINFO='${SHELL} /Users/steve/work/coronagraph/designCodeRearchitecture/csim/csim/missing makeinfo'
MANIFEST_TOOL=':'
MKDIR_P='/opt/local/bin/gmkdir -p'
NM='/opt/local/bin/nm -B'
NMEDIT='nmedit'
OBJDUMP='false'
OBJEXT='o'
OTOOL64=':'
OTOOL='otool'
PACKAGE='csim'
PACKAGE_BUGREPORT='steve.bryson@nasa.gov'
PACKAGE_NAME='csim'
PACKAGE_STRING='csim 0.0'
PACKAGE_TARNAME='csim'
PACKAGE_URL=''
PACKAGE_VERSION='0.0'
PATH_SEPARATOR=':'
RANLIB='ranlib'
SED='/opt/local/bin/gsed'
SET_MAKE=''
SHELL='/bin/sh'
STRIP='strip'
VERSION='0.0'
ac_ct_AR='ar'
ac_ct_CC='gcc'
ac_ct_CXX='g++-mp-6'
ac_ct_DUMPBIN=''
am__EXEEXT_FALSE=''
am__EXEEXT_TRUE='#'
am__fastdepCC_FALSE='#'
am__fastdepCC_TRUE=''
am__fastdepCXX_FALSE='#'
am__fastdepCXX_TRUE=''
am__include='include'
am__isrc=''
am__leading_dot='.'
am__nodep='_no'
am__quote=''
am__tar='$${TAR-tar} chof - "$$tardir"'
am__untar='$${TAR-tar} xf -'
bindir='${exec_prefix}/bin'
build='x86_64-apple-darwin15.6.0'
build_alias=''
build_cpu='x86_64'
build_os='darwin15.6.0'
build_vendor='apple'
datadir='${datarootdir}'
datarootdir='${prefix}/share'
docdir='${datarootdir}/doc/${PACKAGE_TARNAME}'
dvidir='${docdir}'
exec_prefix='${prefix}'
host='x86_64-apple-darwin15.6.0'
host_alias=''
host_cpu='x86_64'
host_os='darwin15.6.0'
host_vendor='apple'
htmldir='${docdir}'
includedir='${prefix}/include'
infodir='${datarootdir}/info'
install_sh='${SHELL} /Users/steve/work/coronagraph/designCodeRearchitecture/csim/csim/install-sh'
libdir='${exec_prefix}/lib'
libexecdir='${exec_prefix}/libexec'
localedir='${datarootdir}/locale'
localstatedir='${prefix}/var'
mandir='${datarootdir}/man'
mkdir_p='$(MKDIR_P)'
oldincludedir='/usr/include'
pdfdir='${docdir}'
prefix='/usr/local'
program_transform_name='s,x,x,'
psdir='${docdir}'
sbindir='${exec_prefix}/sbin'
sharedstatedir='${prefix}/com'
sysconfdir='${prefix}/etc'
target_alias=''

## ----------- ##
## confdefs.h. ##
## ----------- ##

/* confdefs.h */
#define PACKAGE_NAME "csim"
#define PACKAGE_TARNAME "csim"
#define PACKAGE_VERSION "0.0"
#define PACKAGE_STRING "csim 0.0"
#define PACKAGE_BUGREPORT "steve.bryson@nasa.gov"
#define PACKAGE_URL ""
#define PACKAGE "csim"
#define VERSION "0.0"
#define STDC_HEADERS 1
#define HAVE_SYS_TYPES_H 1
#define HAVE_SYS_STAT_H 1
#define HAVE_STDLIB_H 1
#define HAVE_STRING_H 1
#define HAVE_MEMORY_H 1
#define HAVE_STRINGS_H 1
#define HAVE_INTTYPES_H 1
#define HAVE_STDINT_H 1
#define HAVE_UNISTD_H 1
#define HAVE_DLFCN_H 1
#define LT_OBJDIR ".libs/"

configure: exit 0
